TN:
SF:src/services/chunkingService.js
FN:8,(anonymous_0)
FN:20,(anonymous_1)
FN:102,(anonymous_2)
FN:112,(anonymous_3)
FN:132,(anonymous_4)
FN:135,(anonymous_5)
FNF:6
FNH:0
FNDA:0,(anonymous_0)
FNDA:0,(anonymous_1)
FNDA:0,(anonymous_2)
FNDA:0,(anonymous_3)
FNDA:0,(anonymous_4)
FNDA:0,(anonymous_5)
DA:1,1
DA:9,0
DA:10,0
DA:13,0
DA:24,0
DA:26,0
DA:27,0
DA:30,0
DA:31,0
DA:34,0
DA:35,0
DA:45,0
DA:46,0
DA:47,0
DA:49,0
DA:50,0
DA:53,0
DA:55,0
DA:56,0
DA:57,0
DA:58,0
DA:62,0
DA:64,0
DA:65,0
DA:67,0
DA:68,0
DA:71,0
DA:72,0
DA:73,0
DA:75,0
DA:76,0
DA:81,0
DA:82,0
DA:85,0
DA:86,0
DA:87,0
DA:89,0
DA:90,0
DA:96,0
DA:97,0
DA:101,0
DA:102,0
DA:113,0
DA:114,0
DA:117,0
DA:118,0
DA:121,0
DA:122,0
DA:123,0
DA:126,0
DA:133,0
DA:135,0
DA:142,1
LF:53
LH:2
BRDA:9,0,0,0
BRDA:9,0,1,0
BRDA:9,1,0,0
BRDA:9,1,1,0
BRDA:20,2,0,0
BRDA:22,3,0,0
BRDA:23,4,0,0
BRDA:26,5,0,0
BRDA:26,5,1,0
BRDA:26,6,0,0
BRDA:26,6,1,0
BRDA:34,7,0,0
BRDA:34,7,1,0
BRDA:53,8,0,0
BRDA:53,8,1,0
BRDA:55,9,0,0
BRDA:55,9,1,0
BRDA:62,10,0,0
BRDA:62,10,1,0
BRDA:67,11,0,0
BRDA:67,11,1,0
BRDA:67,12,0,0
BRDA:67,12,1,0
BRDA:75,13,0,0
BRDA:75,13,1,0
BRDA:81,14,0,0
BRDA:81,14,1,0
BRDA:81,15,0,0
BRDA:81,15,1,0
BRDA:89,16,0,0
BRDA:89,16,1,0
BRDA:96,17,0,0
BRDA:96,17,1,0
BRDA:113,18,0,0
BRDA:113,18,1,0
BRDA:122,19,0,0
BRDA:122,19,1,0
BRDA:122,20,0,0
BRDA:122,20,1,0
BRDA:132,21,0,0
BRDA:132,22,0,0
BRF:41
BRH:0
end_of_record
TN:
SF:src/services/fileProcessingService.js
FN:10,(anonymous_0)
FN:18,(anonymous_1)
FN:25,(anonymous_2)
FN:51,(anonymous_3)
FN:76,(anonymous_4)
FN:145,(anonymous_5)
FN:220,(anonymous_6)
FN:266,(anonymous_7)
FN:286,(anonymous_8)
FN:289,(anonymous_9)
FN:301,(anonymous_10)
FN:315,(anonymous_11)
FN:328,(anonymous_12)
FN:339,(anonymous_13)
FN:371,(anonymous_14)
FN:374,(anonymous_15)
FN:375,(anonymous_16)
FN:378,(anonymous_17)
FN:379,(anonymous_18)
FN:384,(anonymous_19)
FN:388,(anonymous_20)
FN:398,(anonymous_21)
FN:438,(anonymous_22)
FNF:23
FNH:7
FNDA:1,(anonymous_0)
FNDA:1,(anonymous_1)
FNDA:5,(anonymous_2)
FNDA:15,(anonymous_3)
FNDA:9,(anonymous_4)
FNDA:15,(anonymous_5)
FNDA:3,(anonymous_6)
FNDA:0,(anonymous_7)
FNDA:0,(anonymous_8)
FNDA:0,(anonymous_9)
FNDA:0,(anonymous_10)
FNDA:0,(anonymous_11)
FNDA:0,(anonymous_12)
FNDA:0,(anonymous_13)
FNDA:0,(anonymous_14)
FNDA:0,(anonymous_15)
FNDA:0,(anonymous_16)
FNDA:0,(anonymous_17)
FNDA:0,(anonymous_18)
FNDA:0,(anonymous_19)
FNDA:0,(anonymous_20)
FNDA:0,(anonymous_21)
FNDA:0,(anonymous_22)
DA:1,1
DA:2,1
DA:3,1
DA:4,1
DA:5,1
DA:6,1
DA:7,1
DA:11,1
DA:12,1
DA:19,1
DA:26,5
DA:27,5
DA:29,5
DA:30,0
DA:31,0
DA:34,5
DA:35,1
DA:38,5
DA:39,1
DA:42,5
DA:52,15
DA:53,15
DA:55,11
DA:56,9
DA:61,3
DA:64,1
DA:67,3
DA:68,3
DA:77,9
DA:83,9
DA:85,9
DA:86,9
DA:89,9
DA:94,8
DA:95,0
DA:101,8
DA:103,0
DA:104,0
DA:119,0
DA:121,0
DA:123,0
DA:127,8
DA:139,8
DA:142,8
DA:145,15
DA:146,8
DA:151,7
DA:154,7
DA:155,7
DA:157,7
DA:158,12
DA:159,12
DA:162,12
DA:164,12
DA:195,11
DA:196,6
DA:199,11
DA:202,6
DA:204,6
DA:212,3
DA:213,3
DA:221,3
DA:222,3
DA:225,3
DA:226,3
DA:229,3
DA:247,3
DA:249,0
DA:250,0
DA:267,0
DA:272,0
DA:275,0
DA:280,0
DA:281,0
DA:282,0
DA:286,0
DA:287,0
DA:288,0
DA:289,0
DA:291,0
DA:298,0
DA:300,0
DA:301,0
DA:303,0
DA:307,0
DA:311,0
DA:312,0
DA:313,0
DA:315,0
DA:316,0
DA:324,0
DA:325,0
DA:327,0
DA:328,0
DA:331,0
DA:338,0
DA:339,0
DA:342,0
DA:348,0
DA:350,0
DA:351,0
DA:358,0
DA:360,0
DA:361,0
DA:372,0
DA:374,0
DA:375,0
DA:378,0
DA:379,0
DA:380,0
DA:383,0
DA:384,0
DA:388,0
DA:399,0
DA:401,0
DA:408,0
DA:409,0
DA:412,0
DA:413,0
DA:416,0
DA:423,0
DA:425,0
DA:430,0
DA:431,0
DA:439,0
DA:440,0
DA:454,0
DA:456,0
DA:457,0
DA:462,1
LF:130
LH:60
BRDA:25,0,0,3
BRDA:27,1,0,5
BRDA:27,1,1,3
BRDA:29,2,0,0
BRDA:29,2,1,5
BRDA:34,3,0,1
BRDA:34,3,1,4
BRDA:38,4,0,1
BRDA:38,4,1,4
BRDA:53,5,0,11
BRDA:53,5,1,2
BRDA:53,5,2,3
BRDA:53,5,3,3
BRDA:53,5,4,1
BRDA:76,6,0,7
BRDA:79,7,0,7
BRDA:80,8,0,8
BRDA:81,9,0,8
BRDA:82,10,0,9
BRDA:86,11,0,0
BRDA:86,11,1,9
BRDA:94,12,0,0
BRDA:94,12,1,8
BRDA:94,13,0,8
BRDA:94,13,1,8
BRDA:101,14,0,0
BRDA:101,14,1,8
BRDA:112,15,0,0
BRDA:112,15,1,0
BRDA:135,16,0,8
BRDA:135,16,1,7
BRDA:136,17,0,8
BRDA:136,17,1,7
BRDA:189,18,0,7
BRDA:189,18,1,5
BRDA:195,19,0,6
BRDA:195,19,1,5
BRDA:220,20,0,2
BRDA:222,21,0,2
BRDA:222,22,0,2
BRDA:266,23,0,0
BRDA:269,24,0,0
BRDA:270,25,0,0
BRDA:271,26,0,0
BRDA:280,27,0,0
BRDA:280,27,1,0
BRDA:298,28,0,0
BRDA:298,28,1,0
BRDA:311,29,0,0
BRDA:311,29,1,0
BRDA:324,30,0,0
BRDA:324,30,1,0
BRDA:324,31,0,0
BRDA:324,31,1,0
BRDA:350,32,0,0
BRDA:350,32,1,0
BRDA:372,33,0,0
BRDA:372,33,1,0
BRDA:383,34,0,0
BRDA:383,34,1,0
BRDA:408,35,0,0
BRDA:408,35,1,0
BRDA:413,36,0,0
BRDA:413,36,1,0
BRF:64
BRH:34
end_of_record
TN:
SF:src/services/llmService.js
FN:7,(anonymous_0)
FN:16,(anonymous_1)
FN:32,(anonymous_2)
FN:35,(anonymous_3)
FN:50,(anonymous_4)
FN:80,(anonymous_5)
FN:81,(anonymous_6)
FN:95,(anonymous_7)
FN:126,(anonymous_8)
FN:142,(anonymous_9)
FN:145,(anonymous_10)
FN:160,(anonymous_11)
FN:208,(anonymous_12)
FN:209,(anonymous_13)
FN:223,(anonymous_14)
FN:274,(anonymous_15)
FN:288,(anonymous_16)
FN:300,(anonymous_17)
FN:311,(anonymous_18)
FN:319,(anonymous_19)
FNF:20
FNH:1
FNDA:1,(anonymous_0)
FNDA:0,(anonymous_1)
FNDA:0,(anonymous_2)
FNDA:0,(anonymous_3)
FNDA:0,(anonymous_4)
FNDA:0,(anonymous_5)
FNDA:0,(anonymous_6)
FNDA:0,(anonymous_7)
FNDA:0,(anonymous_8)
FNDA:0,(anonymous_9)
FNDA:0,(anonymous_10)
FNDA:0,(anonymous_11)
FNDA:0,(anonymous_12)
FNDA:0,(anonymous_13)
FNDA:0,(anonymous_14)
FNDA:0,(anonymous_15)
FNDA:0,(anonymous_16)
FNDA:0,(anonymous_17)
FNDA:0,(anonymous_18)
FNDA:0,(anonymous_19)
DA:1,1
DA:2,1
DA:3,1
DA:4,1
DA:8,1
DA:11,1
DA:17,0
DA:18,0
DA:20,0
DA:22,0
DA:24,0
DA:27,0
DA:28,0
DA:33,0
DA:35,0
DA:41,0
DA:49,0
DA:50,0
DA:56,0
DA:63,0
DA:70,0
DA:81,0
DA:86,0
DA:94,0
DA:95,0
DA:101,0
DA:109,0
DA:116,0
DA:127,0
DA:128,0
DA:130,0
DA:132,0
DA:134,0
DA:137,0
DA:138,0
DA:143,0
DA:145,0
DA:151,0
DA:159,0
DA:160,0
DA:166,0
DA:174,0
DA:175,0
DA:176,0
DA:178,0
DA:179,0
DA:180,0
DA:181,0
DA:182,0
DA:183,0
DA:187,0
DA:188,0
DA:195,0
DA:202,0
DA:209,0
DA:214,0
DA:222,0
DA:223,0
DA:229,0
DA:238,0
DA:239,0
DA:240,0
DA:242,0
DA:243,0
DA:244,0
DA:245,0
DA:246,0
DA:247,0
DA:251,0
DA:252,0
DA:260,0
DA:268,0
DA:276,0
DA:287,0
DA:288,0
DA:291,0
DA:293,0
DA:301,0
DA:302,0
DA:306,0
DA:308,0
DA:312,0
DA:313,0
DA:316,0
DA:318,0
DA:319,0
DA:321,0
DA:324,0
DA:328,1
LF:89
LH:7
BRDA:16,0,0,0
BRDA:16,1,0,0
BRDA:18,2,0,0
BRDA:18,2,1,0
BRDA:18,2,2,0
BRDA:36,3,0,0
BRDA:36,3,1,0
BRDA:42,4,0,0
BRDA:42,4,1,0
BRDA:57,5,0,0
BRDA:57,5,1,0
BRDA:82,6,0,0
BRDA:82,6,1,0
BRDA:87,7,0,0
BRDA:87,7,1,0
BRDA:102,8,0,0
BRDA:102,8,1,0
BRDA:126,9,0,0
BRDA:126,10,0,0
BRDA:128,11,0,0
BRDA:128,11,1,0
BRDA:128,11,2,0
BRDA:146,12,0,0
BRDA:146,12,1,0
BRDA:152,13,0,0
BRDA:152,13,1,0
BRDA:167,14,0,0
BRDA:167,14,1,0
BRDA:180,15,0,0
BRDA:180,15,1,0
BRDA:187,16,0,0
BRDA:187,16,1,0
BRDA:210,17,0,0
BRDA:210,17,1,0
BRDA:215,18,0,0
BRDA:215,18,1,0
BRDA:230,19,0,0
BRDA:230,19,1,0
BRDA:243,20,0,0
BRDA:243,20,1,0
BRDA:243,21,0,0
BRDA:243,21,1,0
BRDA:251,22,0,0
BRDA:251,22,1,0
BRDA:274,23,0,0
BRDA:291,24,0,0
BRDA:291,24,1,0
BRDA:296,25,0,0
BRDA:296,25,1,0
BRDA:300,26,0,0
BRDA:301,27,0,0
BRDA:301,27,1,0
BRDA:311,28,0,0
BRDA:312,29,0,0
BRDA:312,29,1,0
BRDA:312,30,0,0
BRDA:312,30,1,0
BRDA:316,31,0,0
BRDA:316,31,1,0
BRF:59
BRH:0
end_of_record
TN:
SF:src/services/semanticChunkingService.js
FN:24,(anonymous_0)
FN:53,(anonymous_1)
FN:64,(anonymous_2)
FN:78,(anonymous_3)
FN:79,(anonymous_4)
FN:85,(anonymous_5)
FN:86,(anonymous_6)
FN:101,(anonymous_7)
FN:202,(anonymous_8)
FN:209,(anonymous_9)
FN:260,(anonymous_10)
FN:291,(anonymous_11)
FN:305,(anonymous_12)
FNF:13
FNH:0
FNDA:0,(anonymous_0)
FNDA:0,(anonymous_1)
FNDA:0,(anonymous_2)
FNDA:0,(anonymous_3)
FNDA:0,(anonymous_4)
FNDA:0,(anonymous_5)
FNDA:0,(anonymous_6)
FNDA:0,(anonymous_7)
FNDA:0,(anonymous_8)
FNDA:0,(anonymous_9)
FNDA:0,(anonymous_10)
FNDA:0,(anonymous_11)
FNDA:0,(anonymous_12)
DA:1,1
DA:2,1
DA:25,0
DA:26,0
DA:29,0
DA:30,0
DA:31,0
DA:33,0
DA:34,0
DA:35,0
DA:36,0
DA:39,0
DA:40,0
DA:42,0
DA:43,0
DA:46,0
DA:54,0
DA:55,0
DA:57,0
DA:65,0
DA:66,0
DA:73,0
DA:76,0
DA:78,0
DA:79,0
DA:82,0
DA:83,0
DA:85,0
DA:86,0
DA:89,0
DA:107,0
DA:109,0
DA:110,0
DA:114,0
DA:117,0
DA:118,0
DA:121,0
DA:122,0
DA:134,0
DA:140,0
DA:141,0
DA:142,0
DA:143,0
DA:147,0
DA:148,0
DA:150,0
DA:151,0
DA:157,0
DA:160,0
DA:161,0
DA:162,0
DA:164,0
DA:169,0
DA:170,0
DA:174,0
DA:175,0
DA:176,0
DA:177,0
DA:178,0
DA:179,0
DA:181,0
DA:191,0
DA:203,0
DA:204,0
DA:208,0
DA:209,0
DA:216,0
DA:218,0
DA:219,0
DA:220,0
DA:223,0
DA:224,0
DA:225,0
DA:231,0
DA:237,0
DA:238,0
DA:241,0
DA:249,0
DA:263,0
DA:265,0
DA:266,0
DA:270,0
DA:272,0
DA:273,0
DA:277,0
DA:279,0
DA:280,0
DA:284,0
DA:291,0
DA:306,0
DA:307,0
DA:309,0
DA:312,0
DA:313,0
DA:324,1
LF:95
LH:3
BRDA:25,0,0,0
BRDA:25,0,1,0
BRDA:42,1,0,0
BRDA:42,1,1,0
BRDA:42,2,0,0
BRDA:42,2,1,0
BRDA:54,3,0,0
BRDA:54,3,1,0
BRDA:54,4,0,0
BRDA:54,4,1,0
BRDA:65,5,0,0
BRDA:65,5,1,0
BRDA:65,6,0,0
BRDA:65,6,1,0
BRDA:82,7,0,0
BRDA:82,7,1,0
BRDA:101,8,0,0
BRDA:103,9,0,0
BRDA:104,10,0,0
BRDA:105,11,0,0
BRDA:106,12,0,0
BRDA:109,13,0,0
BRDA:109,13,1,0
BRDA:109,14,0,0
BRDA:109,14,1,0
BRDA:117,15,0,0
BRDA:117,15,1,0
BRDA:121,16,0,0
BRDA:121,16,1,0
BRDA:157,17,0,0
BRDA:157,17,1,0
BRDA:160,18,0,0
BRDA:160,18,1,0
BRDA:160,19,0,0
BRDA:160,19,1,0
BRDA:169,20,0,0
BRDA:169,20,1,0
BRDA:202,21,0,0
BRDA:203,22,0,0
BRDA:203,22,1,0
BRDA:208,23,0,0
BRDA:208,23,1,0
BRDA:208,24,0,0
BRDA:208,24,1,0
BRDA:223,25,0,0
BRDA:223,25,1,0
BRDA:260,26,0,0
BRDA:260,27,0,0
BRDA:262,28,0,0
BRDA:265,29,0,0
BRDA:265,29,1,0
BRDA:265,30,0,0
BRDA:265,30,1,0
BRDA:272,31,0,0
BRDA:272,31,1,0
BRDA:279,32,0,0
BRDA:279,32,1,0
BRDA:305,33,0,0
BRDA:305,34,0,0
BRDA:314,35,0,0
BRDA:314,35,1,0
BRDA:316,36,0,0
BRDA:316,36,1,0
BRDA:317,37,0,0
BRDA:317,37,1,0
BRF:65
BRH:0
end_of_record
